<?xml version="1.0" encoding="UTF-8"?>
<!-- Generated by org.testng.reporters.JUnitReportReporter -->
<testsuite hostname="DESKTOP-ONH4TII" failures="0" tests="1" name="Test.testCompra" time="24.609" errors="0" timestamp="10 jun 2024 21:06:32 GMT" skipped="0">
  <testcase classname="Test.testCompra" name="compraProducto" time="24.609"/>
</testsuite> <!-- Test.testCompra -->
