<?xml version="1.0" encoding="UTF-8"?>
<!-- Generated by org.testng.reporters.JUnitReportReporter -->
<testsuite hostname="DESKTOP-ONH4TII" failures="0" tests="1" name="Test.testRegistro" time="34.916" errors="0" timestamp="12 jun 2024 02:58:05 GMT" skipped="0">
  <testcase classname="Test.testRegistro" name="registroNegativo" time="34.916"/>
</testsuite> <!-- Test.testRegistro -->
